<?xml version="1.0" encoding="UTF-8"?>
<!-- Generated by org.testng.reporters.JUnitXMLReporter -->
<testsuite ignored="0" hostname="Pratheeps-MacBook-Air.local" failures="1" tests="4" name="Surefire test" time="2.98" errors="0" timestamp="2026-06-09T11:49:31 IST">
  <testcase classname="io.cucumber.testng.AbstractTestNGCucumberTests" name="runScenario" time="1.854">
    <failure type="java.lang.AssertionError" message="expected [201] but found [500]">
      <![CDATA[java.lang.AssertionError: expected [201] but found [500]
at stepDefinitions.LoginStepDefinitions.api_success_with_status_code(LoginStepDefinitions.java:52)
at ✽.API success with status code 201(file:///Users/pratheepponnusamy/Desktop/API_Testing/APIFramework2/src/test/java/features/CreateOrder.feature:19)
... Removed 6 stack frames]]>
    </failure>
  </testcase> <!-- runScenario -->
  <testcase classname="io.cucumber.testng.AbstractTestNGCucumberTests" name="runScenario" time="0.527"/>
  <testcase classname="io.cucumber.testng.AbstractTestNGCucumberTests" name="runScenario" time="0.142"/>
  <testcase classname="io.cucumber.testng.AbstractTestNGCucumberTests" name="runScenario" time="0.207"/>
</testsuite> <!-- Surefire test -->
