<?xml version="1.0" encoding="UTF-8"?>
<testsuite xmlns:xsi="http://www.w3.org/2001/XMLSchema-instance" xsi:noNamespaceSchemaLocation="https://maven.apache.org/surefire/maven-surefire-plugin/xsd/surefire-test-report-3.0.xsd" version="3.0" name="TestSuite" time="2.377" tests="3" errors="0" skipped="0" failures="0">
  <properties>
[...]
</properties>
  <testcase name="runScenario[&quot;Verify Create Product API&quot;, &quot;Validate Create Product API&quot;](1)" classname="cucumberOptions.TestRunner" time="1.532">
    <system-out><![CDATA[Token: eyJhbGciOiJIUzI1NiIsInR5cCI6IkpXVCJ9.eyJfaWQiOiI2NzZjZWI2OWUyYjU0NDNiMWYwMmZjNTciLCJ1c2VyRW1haWwiOiJjb2RlYWRkaWN0QG91dGxvb2suY29tIiwidXNlck1vYmlsZSI6OTk1MjMyMDI0NiwidXNlclJvbGUiOiJjdXN0b21lciIsImlhdCI6MTc3OTcyNzY3MywiZXhwIjoxODExMjg1MjczfQ.7GpqAQt7PG6kqMJoLuieIAdXjZ1BnhAGRROhnCvrcgI
UserId: 676ceb69e2b5443b1f02fc57
Actual Login Status code: 201
Expected Login Status code: 201
Product ID: 6a147d3a17ee3e78ba9b2b65
Actual Login Success Message: Product Added Successfully
Expected Login Success Message: Product Added Successfully
]]></system-out>
    <system-err><![CDATA[SLF4J(W): No SLF4J providers were found.
SLF4J(W): Defaulting to no-operation (NOP) logger implementation
SLF4J(W): See https://www.slf4j.org/codes.html#noProviders for further details.
]]></system-err>
  </testcase>
  <testcase name="runScenario[&quot;Verify Delete Product API&quot;, &quot;Validate Delete Product API&quot;](2)" classname="cucumberOptions.TestRunner" time="0.2">
    <system-out><![CDATA[Request method:	DELETE
Request URI:	https://rahulshettyacademy.com/api/ecom/product/delete-product/6a147d3a17ee3e78ba9b2b65
Proxy:			<none>
Request params:	<none>
Query params:	<none>
Form params:	<none>
Path params:	productId=6a147d3a17ee3e78ba9b2b65
Headers:		Authorization=eyJhbGciOiJIUzI1NiIsInR5cCI6IkpXVCJ9.eyJfaWQiOiI2NzZjZWI2OWUyYjU0NDNiMWYwMmZjNTciLCJ1c2VyRW1haWwiOiJjb2RlYWRkaWN0QG91dGxvb2suY29tIiwidXNlck1vYmlsZSI6OTk1MjMyMDI0NiwidXNlclJvbGUiOiJjdXN0b21lciIsImlhdCI6MTc3OTcyNzY3MywiZXhwIjoxODExMjg1MjczfQ.7GpqAQt7PG6kqMJoLuieIAdXjZ1BnhAGRROhnCvrcgI
				Accept=*/*
Cookies:		<none>
Multiparts:		<none>
Body:			<none>
Actual Login Status code: 200
Expected Login Status code: 200
Actual Login Success Message: Product Deleted Successfully
Expected Login Success Message: Product Deleted Successfully
]]></system-out>
  </testcase>
  <testcase name="runScenario[&quot;Verify Login API&quot;, &quot;Validate Login API&quot;](3)" classname="cucumberOptions.TestRunner" time="0.242">
    <system-out><![CDATA[Actual Login Status code: 200
Expected Login Status code: 200
Actual Login Success Message: Login Successfully
Expected Login Success Message: Login Successfully
]]></system-out>
  </testcase>
</testsuite>