<?xml version="1.0" encoding="UTF-8"?>
<testng-results ignored="0" total="3" passed="3" failed="0" skipped="0">
  <reporter-output>
  </reporter-output>
  <suite started-at="2026-05-24T20:28:11 IST" name="Default suite" finished-at="2026-05-24T20:28:13 IST" duration-ms="2067">
    <groups>
      <group name="cucumber">
        <method signature="AbstractTestNGCucumberTests.runScenario(io.cucumber.testng.PickleWrapper,io.cucumber.testng.FeatureWrapper)[pri:0, instance:cucumberOptions.TestRunner@765d7657]" name="runScenario" class="io.cucumber.testng.AbstractTestNGCucumberTests"/>
      </group> <!-- cucumber -->
    </groups>
    <test started-at="2026-05-24T20:28:11 IST" name="Default test" finished-at="2026-05-24T20:28:13 IST" duration-ms="2067">
      <class name="cucumberOptions.TestRunner">
        <test-method is-config="true" signature="setUpClass(org.testng.ITestContext)[pri:0, instance:cucumberOptions.TestRunner@765d7657]" started-at="2026-05-24T20:28:11 IST" name="setUpClass" finished-at="2026-05-24T20:28:11 IST" duration-ms="132" status="PASS">
          <params>
            <param index="0">
              <value>
                <![CDATA[org.testng.TestRunner@563843f1]]>
              </value>
            </param>
          </params>
          <reporter-output>
          </reporter-output>
        </test-method> <!-- setUpClass -->
        <test-method signature="runScenario(io.cucumber.testng.PickleWrapper,io.cucumber.testng.FeatureWrapper)[pri:0, instance:cucumberOptions.TestRunner@765d7657]" started-at="2026-05-24T20:28:11 IST" name="runScenario" description="Runs Cucumber Scenarios" data-provider="scenarios" finished-at="2026-05-24T20:28:12 IST" duration-ms="1531" status="PASS">
          <params>
            <param index="0">
              <value>
                <![CDATA["Verify Create Product API"]]>
              </value>
            </param>
            <param index="1">
              <value>
                <![CDATA["Validate Create Product API"]]>
              </value>
            </param>
          </params>
          <reporter-output>
          </reporter-output>
        </test-method> <!-- runScenario -->
        <test-method signature="runScenario(io.cucumber.testng.PickleWrapper,io.cucumber.testng.FeatureWrapper)[pri:0, instance:cucumberOptions.TestRunner@765d7657]" started-at="2026-05-24T20:28:12 IST" name="runScenario" description="Runs Cucumber Scenarios" data-provider="scenarios" finished-at="2026-05-24T20:28:12 IST" duration-ms="140" status="PASS">
          <params>
            <param index="0">
              <value>
                <![CDATA["Verify Delete Product API"]]>
              </value>
            </param>
            <param index="1">
              <value>
                <![CDATA["Validate Delete Product API"]]>
              </value>
            </param>
          </params>
          <reporter-output>
          </reporter-output>
        </test-method> <!-- runScenario -->
        <test-method signature="runScenario(io.cucumber.testng.PickleWrapper,io.cucumber.testng.FeatureWrapper)[pri:0, instance:cucumberOptions.TestRunner@765d7657]" started-at="2026-05-24T20:28:12 IST" name="runScenario" description="Runs Cucumber Scenarios" data-provider="scenarios" finished-at="2026-05-24T20:28:13 IST" duration-ms="214" status="PASS">
          <params>
            <param index="0">
              <value>
                <![CDATA["Verify Login API"]]>
              </value>
            </param>
            <param index="1">
              <value>
                <![CDATA["Validate Login API"]]>
              </value>
            </param>
          </params>
          <reporter-output>
          </reporter-output>
        </test-method> <!-- runScenario -->
        <test-method is-config="true" signature="tearDownClass()[pri:0, instance:cucumberOptions.TestRunner@765d7657]" started-at="2026-05-24T20:28:13 IST" name="tearDownClass" finished-at="2026-05-24T20:28:13 IST" duration-ms="36" status="PASS">
          <reporter-output>
          </reporter-output>
        </test-method> <!-- tearDownClass -->
      </class> <!-- cucumberOptions.TestRunner -->
    </test> <!-- Default test -->
  </suite> <!-- Default suite -->
</testng-results>
