<?xml version="1.0" encoding="UTF-8"?>
<!-- Generated by org.testng.reporters.JUnitReportReporter -->
<testsuite hostname="Pratheeps-MacBook-Air.local" failures="0" tests="2" name="cucumberOptions.TestRunner" time="1.689" errors="0" timestamp="2026-06-09T11:32:40 IST" skipped="0">
  <testcase classname="cucumberOptions.TestRunner" name="runScenario" time="0.229"/>
  <testcase classname="cucumberOptions.TestRunner" name="runScenario" time="1.460"/>
</testsuite> <!-- cucumberOptions.TestRunner -->
