<?xml version="1.0" encoding="UTF-8"?>
<!-- Generated by org.testng.reporters.JUnitReportReporter -->
<testsuite hostname="Pratheeps-MacBook-Air.local" failures="0" tests="3" name="cucumberOptions.TestRunner" time="1.758" errors="0" timestamp="2026-05-25T00:13:32 IST" skipped="0">
  <testcase classname="cucumberOptions.TestRunner" name="runScenario" time="0.226"/>
  <testcase classname="cucumberOptions.TestRunner" name="runScenario" time="1.391"/>
  <testcase classname="cucumberOptions.TestRunner" name="runScenario" time="0.141"/>
</testsuite> <!-- cucumberOptions.TestRunner -->
