<?xml version="1.0" encoding="UTF-8"?>
<!-- Generated by org.testng.reporters.JUnitReportReporter -->
<testsuite hostname="Pratheeps-MacBook-Air.local" failures="1" tests="4" name="cucumberOptions.TestRunner" time="2.730" errors="0" timestamp="2026-06-09T11:49:31 IST" skipped="0">
  <testcase classname="cucumberOptions.TestRunner" name="runScenario" time="1.854">
    <failure message="expected [201] but found [500]" type="java.lang.AssertionError">
      <![CDATA[java.lang.AssertionError: expected [201] but found [500]
at org.testng.Assert.fail(Assert.java:111)
at org.testng.Assert.failNotEquals(Assert.java:1590)
at org.testng.Assert.assertEqualsImpl(Assert.java:150)
at org.testng.Assert.assertEquals(Assert.java:132)
at org.testng.Assert.assertEquals(Assert.java:1431)
at org.testng.Assert.assertEquals(Assert.java:1461)
at stepDefinitions.LoginStepDefinitions.api_success_with_status_code(LoginStepDefinitions.java:52)
at ✽.API success with status code 201(file:///Users/pratheepponnusamy/Desktop/API_Testing/APIFramework2/src/test/java/features/CreateOrder.feature:19)
]]>
    </failure>
  </testcase> <!-- runScenario -->
  <testcase classname="cucumberOptions.TestRunner" name="runScenario" time="0.527"/>
  <testcase classname="cucumberOptions.TestRunner" name="runScenario" time="0.142"/>
  <testcase classname="cucumberOptions.TestRunner" name="runScenario" time="0.207"/>
</testsuite> <!-- cucumberOptions.TestRunner -->
