<?xml version="1.0" encoding="UTF-8"?>
<!-- Generated by org.testng.reporters.JUnitReportReporter -->
<testsuite hostname="Pratheeps-MacBook-Air.local" failures="0" tests="3" name="cucumberOptions.TestRunner" time="1.804" errors="0" timestamp="2026-06-09T11:30:45 IST" skipped="0">
  <testcase classname="cucumberOptions.TestRunner" name="runScenario" time="0.167"/>
  <testcase classname="cucumberOptions.TestRunner" name="runScenario" time="0.222"/>
  <testcase classname="cucumberOptions.TestRunner" name="runScenario" time="1.415"/>
</testsuite> <!-- cucumberOptions.TestRunner -->
